<?xml version="1.0" encoding="UTF-8"?>
<testsuite name="com.mindex.challenge.ChallengeApplicationTests" tests="1" skipped="0" failures="0" errors="0" timestamp="2022-12-22T22:00:47" hostname="Manavs-MacBook-Air.local" time="0.001">
  <properties/>
  <testcase name="contextLoads" classname="com.mindex.challenge.ChallengeApplicationTests" time="0.001"/>
  <system-out><![CDATA[2022-12-22 17:00:47.571  INFO 20538 --- [    Test worker] .b.t.c.SpringBootTestContextBootstrapper : Neither @ContextConfiguration nor @ContextHierarchy found for test class [com.mindex.challenge.ChallengeApplicationTests], using SpringBootContextLoader
2022-12-22 17:00:47.571  INFO 20538 --- [    Test worker] o.s.t.c.support.AbstractContextLoader    : Could not detect default resource locations for test class [com.mindex.challenge.ChallengeApplicationTests]: no resource found for suffixes {-context.xml, Context.groovy}.
2022-12-22 17:00:47.571  INFO 20538 --- [    Test worker] t.c.s.AnnotationConfigContextLoaderUtils : Could not detect default configuration classes for test class [com.mindex.challenge.ChallengeApplicationTests]: ChallengeApplicationTests does not declare any static, non-private, non-final, nested classes annotated with @Configuration.
2022-12-22 17:00:47.573  INFO 20538 --- [    Test worker] .b.t.c.SpringBootTestContextBootstrapper : Found @SpringBootConfiguration com.mindex.challenge.ChallengeApplication for test class com.mindex.challenge.ChallengeApplicationTests
2022-12-22 17:00:47.574  INFO 20538 --- [    Test worker] .b.t.c.SpringBootTestContextBootstrapper : Loaded default TestExecutionListener class names from location [META-INF/spring.factories]: [org.springframework.boot.test.autoconfigure.restdocs.RestDocsTestExecutionListener, org.springframework.boot.test.autoconfigure.web.client.MockRestServiceServerResetTestExecutionListener, org.springframework.boot.test.autoconfigure.web.servlet.MockMvcPrintOnlyOnFailureTestExecutionListener, org.springframework.boot.test.autoconfigure.web.servlet.WebDriverTestExecutionListener, org.springframework.boot.test.mock.mockito.MockitoTestExecutionListener, org.springframework.boot.test.mock.mockito.ResetMocksTestExecutionListener, org.springframework.test.context.web.ServletTestExecutionListener, org.springframework.test.context.support.DirtiesContextBeforeModesTestExecutionListener, org.springframework.test.context.support.DependencyInjectionTestExecutionListener, org.springframework.test.context.support.DirtiesContextTestExecutionListener, org.springframework.test.context.transaction.TransactionalTestExecutionListener, org.springframework.test.context.jdbc.SqlScriptsTestExecutionListener, org.springframework.test.context.event.EventPublishingTestExecutionListener]
2022-12-22 17:00:47.574  INFO 20538 --- [    Test worker] .b.t.c.SpringBootTestContextBootstrapper : Using TestExecutionListeners: [org.springframework.test.context.web.ServletTestExecutionListener@75130c59, org.springframework.test.context.support.DirtiesContextBeforeModesTestExecutionListener@4d14a3eb, org.springframework.boot.test.mock.mockito.MockitoTestExecutionListener@85b5283, org.springframework.boot.test.autoconfigure.SpringBootDependencyInjectionTestExecutionListener@59274ae3, org.springframework.test.context.support.DirtiesContextTestExecutionListener@34bbf45a, org.springframework.test.context.transaction.TransactionalTestExecutionListener@5c5812dd, org.springframework.test.context.jdbc.SqlScriptsTestExecutionListener@e459c9f, org.springframework.test.context.event.EventPublishingTestExecutionListener@6d56afe6, org.springframework.boot.test.autoconfigure.restdocs.RestDocsTestExecutionListener@6248f32, org.springframework.boot.test.autoconfigure.web.client.MockRestServiceServerResetTestExecutionListener@1a76abd1, org.springframework.boot.test.autoconfigure.web.servlet.MockMvcPrintOnlyOnFailureTestExecutionListener@38756d64, org.springframework.boot.test.autoconfigure.web.servlet.WebDriverTestExecutionListener@6004cc13, org.springframework.boot.test.mock.mockito.ResetMocksTestExecutionListener@42fb923e]
]]></system-out>
  <system-err><![CDATA[]]></system-err>
</testsuite>
