<?xml version="1.0" encoding="UTF-8"?>
<testsuite name="com.mindex.challenge.ChallengeApplicationTests" tests="1" skipped="0" failures="0" errors="0" timestamp="2022-12-22T21:41:41" hostname="Manavs-MacBook-Air.local" time="0.002">
  <properties/>
  <testcase name="contextLoads" classname="com.mindex.challenge.ChallengeApplicationTests" time="0.002"/>
  <system-out><![CDATA[2022-12-22 16:41:41.530  INFO 19941 --- [    Test worker] .b.t.c.SpringBootTestContextBootstrapper : Neither @ContextConfiguration nor @ContextHierarchy found for test class [com.mindex.challenge.ChallengeApplicationTests], using SpringBootContextLoader
2022-12-22 16:41:41.531  INFO 19941 --- [    Test worker] o.s.t.c.support.AbstractContextLoader    : Could not detect default resource locations for test class [com.mindex.challenge.ChallengeApplicationTests]: no resource found for suffixes {-context.xml, Context.groovy}.
2022-12-22 16:41:41.531  INFO 19941 --- [    Test worker] t.c.s.AnnotationConfigContextLoaderUtils : Could not detect default configuration classes for test class [com.mindex.challenge.ChallengeApplicationTests]: ChallengeApplicationTests does not declare any static, non-private, non-final, nested classes annotated with @Configuration.
2022-12-22 16:41:41.532  INFO 19941 --- [    Test worker] .b.t.c.SpringBootTestContextBootstrapper : Found @SpringBootConfiguration com.mindex.challenge.ChallengeApplication for test class com.mindex.challenge.ChallengeApplicationTests
2022-12-22 16:41:41.533  INFO 19941 --- [    Test worker] .b.t.c.SpringBootTestContextBootstrapper : Loaded default TestExecutionListener class names from location [META-INF/spring.factories]: [org.springframework.boot.test.autoconfigure.restdocs.RestDocsTestExecutionListener, org.springframework.boot.test.autoconfigure.web.client.MockRestServiceServerResetTestExecutionListener, org.springframework.boot.test.autoconfigure.web.servlet.MockMvcPrintOnlyOnFailureTestExecutionListener, org.springframework.boot.test.autoconfigure.web.servlet.WebDriverTestExecutionListener, org.springframework.boot.test.mock.mockito.MockitoTestExecutionListener, org.springframework.boot.test.mock.mockito.ResetMocksTestExecutionListener, org.springframework.test.context.web.ServletTestExecutionListener, org.springframework.test.context.support.DirtiesContextBeforeModesTestExecutionListener, org.springframework.test.context.support.DependencyInjectionTestExecutionListener, org.springframework.test.context.support.DirtiesContextTestExecutionListener, org.springframework.test.context.transaction.TransactionalTestExecutionListener, org.springframework.test.context.jdbc.SqlScriptsTestExecutionListener, org.springframework.test.context.event.EventPublishingTestExecutionListener]
2022-12-22 16:41:41.533  INFO 19941 --- [    Test worker] .b.t.c.SpringBootTestContextBootstrapper : Using TestExecutionListeners: [org.springframework.test.context.web.ServletTestExecutionListener@529f44ba, org.springframework.test.context.support.DirtiesContextBeforeModesTestExecutionListener@513e1620, org.springframework.boot.test.mock.mockito.MockitoTestExecutionListener@16b81e15, org.springframework.boot.test.autoconfigure.SpringBootDependencyInjectionTestExecutionListener@5662eb9a, org.springframework.test.context.support.DirtiesContextTestExecutionListener@7ef0df78, org.springframework.test.context.transaction.TransactionalTestExecutionListener@5f5e5990, org.springframework.test.context.jdbc.SqlScriptsTestExecutionListener@940bcd8, org.springframework.test.context.event.EventPublishingTestExecutionListener@48bfa851, org.springframework.boot.test.autoconfigure.restdocs.RestDocsTestExecutionListener@30ccb521, org.springframework.boot.test.autoconfigure.web.client.MockRestServiceServerResetTestExecutionListener@1d73f871, org.springframework.boot.test.autoconfigure.web.servlet.MockMvcPrintOnlyOnFailureTestExecutionListener@1159217b, org.springframework.boot.test.autoconfigure.web.servlet.WebDriverTestExecutionListener@2411ee21, org.springframework.boot.test.mock.mockito.ResetMocksTestExecutionListener@7121323f]
]]></system-out>
  <system-err><![CDATA[]]></system-err>
</testsuite>
