<?xml version="1.0" encoding="UTF-8"?>
<testsuite name="com.mindex.challenge.service.impl.CompensationServiceImplTest" tests="1" skipped="0" failures="0" errors="0" timestamp="2022-12-22T21:41:41" hostname="Manavs-MacBook-Air.local" time="0.047">
  <properties/>
  <testcase name="testCreateRead" classname="com.mindex.challenge.service.impl.CompensationServiceImplTest" time="0.047"/>
  <system-out><![CDATA[2022-12-22 16:41:41.428  INFO 19941 --- [    Test worker] .b.t.c.SpringBootTestContextBootstrapper : Neither @ContextConfiguration nor @ContextHierarchy found for test class [com.mindex.challenge.service.impl.CompensationServiceImplTest], using SpringBootContextLoader
2022-12-22 16:41:41.429  INFO 19941 --- [    Test worker] o.s.t.c.support.AbstractContextLoader    : Could not detect default resource locations for test class [com.mindex.challenge.service.impl.CompensationServiceImplTest]: no resource found for suffixes {-context.xml, Context.groovy}.
2022-12-22 16:41:41.430  INFO 19941 --- [    Test worker] t.c.s.AnnotationConfigContextLoaderUtils : Could not detect default configuration classes for test class [com.mindex.challenge.service.impl.CompensationServiceImplTest]: CompensationServiceImplTest does not declare any static, non-private, non-final, nested classes annotated with @Configuration.
2022-12-22 16:41:41.435  INFO 19941 --- [    Test worker] .b.t.c.SpringBootTestContextBootstrapper : Found @SpringBootConfiguration com.mindex.challenge.ChallengeApplication for test class com.mindex.challenge.service.impl.CompensationServiceImplTest
2022-12-22 16:41:41.438  INFO 19941 --- [    Test worker] .b.t.c.SpringBootTestContextBootstrapper : Loaded default TestExecutionListener class names from location [META-INF/spring.factories]: [org.springframework.boot.test.autoconfigure.restdocs.RestDocsTestExecutionListener, org.springframework.boot.test.autoconfigure.web.client.MockRestServiceServerResetTestExecutionListener, org.springframework.boot.test.autoconfigure.web.servlet.MockMvcPrintOnlyOnFailureTestExecutionListener, org.springframework.boot.test.autoconfigure.web.servlet.WebDriverTestExecutionListener, org.springframework.boot.test.mock.mockito.MockitoTestExecutionListener, org.springframework.boot.test.mock.mockito.ResetMocksTestExecutionListener, org.springframework.test.context.web.ServletTestExecutionListener, org.springframework.test.context.support.DirtiesContextBeforeModesTestExecutionListener, org.springframework.test.context.support.DependencyInjectionTestExecutionListener, org.springframework.test.context.support.DirtiesContextTestExecutionListener, org.springframework.test.context.transaction.TransactionalTestExecutionListener, org.springframework.test.context.jdbc.SqlScriptsTestExecutionListener, org.springframework.test.context.event.EventPublishingTestExecutionListener]
2022-12-22 16:41:41.438  INFO 19941 --- [    Test worker] .b.t.c.SpringBootTestContextBootstrapper : Using TestExecutionListeners: [org.springframework.test.context.web.ServletTestExecutionListener@65efa6cc, org.springframework.test.context.support.DirtiesContextBeforeModesTestExecutionListener@5ddd454d, org.springframework.boot.test.mock.mockito.MockitoTestExecutionListener@708703ce, org.springframework.boot.test.autoconfigure.SpringBootDependencyInjectionTestExecutionListener@3d805a19, org.springframework.test.context.support.DirtiesContextTestExecutionListener@25c142a3, org.springframework.test.context.transaction.TransactionalTestExecutionListener@12018c7b, org.springframework.test.context.jdbc.SqlScriptsTestExecutionListener@5ad07486, org.springframework.test.context.event.EventPublishingTestExecutionListener@65bfad57, org.springframework.boot.test.autoconfigure.restdocs.RestDocsTestExecutionListener@4ac43f19, org.springframework.boot.test.autoconfigure.web.client.MockRestServiceServerResetTestExecutionListener@5438006e, org.springframework.boot.test.autoconfigure.web.servlet.MockMvcPrintOnlyOnFailureTestExecutionListener@d152a2b, org.springframework.boot.test.autoconfigure.web.servlet.WebDriverTestExecutionListener@15d8fbcb, org.springframework.boot.test.mock.mockito.ResetMocksTestExecutionListener@7e8f229e]
2022-12-22 16:41:41.464 DEBUG 19941 --- [o-auto-1-exec-7] c.m.c.controller.CompensationController  : Received employee create request for [com.mindex.challenge.data.Compensation@61157e3e]
2022-12-22 16:41:41.465 DEBUG 19941 --- [o-auto-1-exec-7] c.m.c.s.impl.CompensationServiceImpl     : Creating compensation [com.mindex.challenge.data.Compensation@61157e3e]
2022-12-22 16:41:41.475 DEBUG 19941 --- [o-auto-1-exec-8] c.m.c.controller.CompensationController  : Received employee create request for id [16a596ae-edd3-4847-99fe-c4518e82c86f]
2022-12-22 16:41:41.476 DEBUG 19941 --- [o-auto-1-exec-8] c.m.c.s.impl.CompensationServiceImpl     : Reading compensation details with id [16a596ae-edd3-4847-99fe-c4518e82c86f]
]]></system-out>
  <system-err><![CDATA[]]></system-err>
</testsuite>
