<?xml version="1.0" encoding="UTF-8"?>
<testsuite name="com.mindex.challenge.DataBootstrapTest" tests="1" skipped="0" failures="0" errors="0" timestamp="2022-12-22T22:00:47" hostname="Manavs-MacBook-Air.local" time="0.012">
  <properties/>
  <testcase name="test" classname="com.mindex.challenge.DataBootstrapTest" time="0.012"/>
  <system-out><![CDATA[2022-12-22 17:00:46.240  INFO 20538 --- [    Test worker] .b.t.c.SpringBootTestContextBootstrapper : Neither @ContextConfiguration nor @ContextHierarchy found for test class [com.mindex.challenge.DataBootstrapTest], using SpringBootContextLoader
2022-12-22 17:00:46.244  INFO 20538 --- [    Test worker] o.s.t.c.support.AbstractContextLoader    : Could not detect default resource locations for test class [com.mindex.challenge.DataBootstrapTest]: no resource found for suffixes {-context.xml, Context.groovy}.
2022-12-22 17:00:46.245  INFO 20538 --- [    Test worker] t.c.s.AnnotationConfigContextLoaderUtils : Could not detect default configuration classes for test class [com.mindex.challenge.DataBootstrapTest]: DataBootstrapTest does not declare any static, non-private, non-final, nested classes annotated with @Configuration.
2022-12-22 17:00:46.268  INFO 20538 --- [    Test worker] .b.t.c.SpringBootTestContextBootstrapper : Found @SpringBootConfiguration com.mindex.challenge.ChallengeApplication for test class com.mindex.challenge.DataBootstrapTest
2022-12-22 17:00:46.274  INFO 20538 --- [    Test worker] .b.t.c.SpringBootTestContextBootstrapper : Loaded default TestExecutionListener class names from location [META-INF/spring.factories]: [org.springframework.boot.test.autoconfigure.restdocs.RestDocsTestExecutionListener, org.springframework.boot.test.autoconfigure.web.client.MockRestServiceServerResetTestExecutionListener, org.springframework.boot.test.autoconfigure.web.servlet.MockMvcPrintOnlyOnFailureTestExecutionListener, org.springframework.boot.test.autoconfigure.web.servlet.WebDriverTestExecutionListener, org.springframework.boot.test.mock.mockito.MockitoTestExecutionListener, org.springframework.boot.test.mock.mockito.ResetMocksTestExecutionListener, org.springframework.test.context.web.ServletTestExecutionListener, org.springframework.test.context.support.DirtiesContextBeforeModesTestExecutionListener, org.springframework.test.context.support.DependencyInjectionTestExecutionListener, org.springframework.test.context.support.DirtiesContextTestExecutionListener, org.springframework.test.context.transaction.TransactionalTestExecutionListener, org.springframework.test.context.jdbc.SqlScriptsTestExecutionListener, org.springframework.test.context.event.EventPublishingTestExecutionListener]
2022-12-22 17:00:46.274  INFO 20538 --- [    Test worker] .b.t.c.SpringBootTestContextBootstrapper : Using TestExecutionListeners: [org.springframework.test.context.web.ServletTestExecutionListener@12ff188b, org.springframework.test.context.support.DirtiesContextBeforeModesTestExecutionListener@4a24f2a, org.springframework.boot.test.mock.mockito.MockitoTestExecutionListener@799fdc3, org.springframework.boot.test.autoconfigure.SpringBootDependencyInjectionTestExecutionListener@628aefbf, org.springframework.test.context.support.DirtiesContextTestExecutionListener@8db8825, org.springframework.test.context.transaction.TransactionalTestExecutionListener@1e965d0b, org.springframework.test.context.jdbc.SqlScriptsTestExecutionListener@5629ccff, org.springframework.test.context.event.EventPublishingTestExecutionListener@636b3692, org.springframework.boot.test.autoconfigure.restdocs.RestDocsTestExecutionListener@37a5007a, org.springframework.boot.test.autoconfigure.web.client.MockRestServiceServerResetTestExecutionListener@1b777d80, org.springframework.boot.test.autoconfigure.web.servlet.MockMvcPrintOnlyOnFailureTestExecutionListener@3a11425, org.springframework.boot.test.autoconfigure.web.servlet.WebDriverTestExecutionListener@39446d65, org.springframework.boot.test.mock.mockito.ResetMocksTestExecutionListener@26fd1ce7]

  .   ____          _            __ _ _
 /\\ / ___'_ __ _ _(_)_ __  __ _ \ \ \ \
( ( )\___ | '_ | '_| | '_ \/ _` | \ \ \ \
 \\/  ___)| |_)| | | | | || (_| |  ) ) ) )
  '  |____| .__|_| |_|_| |_\__, | / / / /
 =========|_|==============|___/=/_/_/_/
 :: Spring Boot ::        (v2.2.0.RELEASE)

2022-12-22 17:00:46.323  INFO 20538 --- [    Test worker] com.mindex.challenge.DataBootstrapTest   : Starting DataBootstrapTest on Manavs-MacBook-Air.local with PID 20538 (started by manav in /Users/manav/Downloads/mindex-java-code-challenge-1)
2022-12-22 17:00:46.324 DEBUG 20538 --- [    Test worker] com.mindex.challenge.DataBootstrapTest   : Running with Spring Boot v2.2.0.RELEASE, Spring v5.2.0.RELEASE
2022-12-22 17:00:46.325  INFO 20538 --- [    Test worker] com.mindex.challenge.DataBootstrapTest   : No active profile set, falling back to default profiles: default
2022-12-22 17:00:46.565  INFO 20538 --- [    Test worker] .s.d.r.c.RepositoryConfigurationDelegate : Bootstrapping Spring Data repositories in DEFAULT mode.
2022-12-22 17:00:46.594  INFO 20538 --- [    Test worker] .s.d.r.c.RepositoryConfigurationDelegate : Finished Spring Data repository scanning in 27ms. Found 2 repository interfaces.
2022-12-22 17:00:46.869  INFO 20538 --- [    Test worker] de.bwaldvogel.mongo.MongoServer          : started MongoServer(port: 58660, ssl: false)
2022-12-22 17:00:46.872  INFO 20538 --- [    Test worker] org.mongodb.driver.cluster               : Cluster created with settings {hosts=[127.0.0.1:58660], mode=SINGLE, requiredClusterType=UNKNOWN, serverSelectionTimeout='30000 ms', maxWaitQueueSize=500}
2022-12-22 17:00:46.879  INFO 20538 --- [-server-worker1] d.b.mongo.wire.MongoWireProtocolHandler  : client [id: 0x98cb0f10, L:/127.0.0.1:58660 - R:/127.0.0.1:58661] connected
2022-12-22 17:00:46.893  WARN 20538 --- [    Test worker] o.s.data.convert.CustomConversions       : Registering converter from class java.time.LocalDateTime to class java.time.Instant as reading converter although it doesn't convert from a store-supported type! You might wanna check you annotation setup at the converter implementation.
2022-12-22 17:00:46.893  WARN 20538 --- [    Test worker] o.s.data.convert.CustomConversions       : Registering converter from class java.time.Instant to class java.time.LocalDateTime as reading converter although it doesn't convert from a store-supported type! You might wanna check you annotation setup at the converter implementation.
2022-12-22 17:00:46.897  WARN 20538 --- [    Test worker] o.s.data.convert.CustomConversions       : Registering converter from class java.time.LocalDateTime to class java.time.Instant as reading converter although it doesn't convert from a store-supported type! You might wanna check you annotation setup at the converter implementation.
2022-12-22 17:00:46.897  WARN 20538 --- [    Test worker] o.s.data.convert.CustomConversions       : Registering converter from class java.time.Instant to class java.time.LocalDateTime as reading converter although it doesn't convert from a store-supported type! You might wanna check you annotation setup at the converter implementation.
2022-12-22 17:00:46.899  INFO 20538 --- [127.0.0.1:58660] org.mongodb.driver.connection            : Opened connection [connectionId{localValue:3}] to 127.0.0.1:58660
2022-12-22 17:00:46.900  INFO 20538 --- [127.0.0.1:58660] org.mongodb.driver.cluster               : Monitor thread successfully connected to server with description ServerDescription{address=127.0.0.1:58660, type=STANDALONE, state=CONNECTED, ok=true, version=ServerVersion{versionList=[3, 0, 0]}, minWireVersion=0, maxWireVersion=2, maxDocumentSize=16777216, logicalSessionTimeoutMinutes=null, roundTripTimeNanos=1054959}
2022-12-22 17:00:47.048  INFO 20538 --- [-server-worker2] d.b.mongo.wire.MongoWireProtocolHandler  : client [id: 0x7fe39ce8, L:/127.0.0.1:58660 - R:/127.0.0.1:58662] connected
2022-12-22 17:00:47.058  INFO 20538 --- [    Test worker] org.mongodb.driver.connection            : Opened connection [connectionId{localValue:4}] to 127.0.0.1:58660
2022-12-22 17:00:47.059  INFO 20538 --- [-server-worker2] d.b.mongo.backend.AbstractMongoBackend   : created database test
2022-12-22 17:00:47.059  INFO 20538 --- [-server-worker2] d.b.mongo.backend.AbstractMongoDatabase  : adding unique _id index for collection employee
2022-12-22 17:00:47.060  INFO 20538 --- [-server-worker2] d.b.mongo.backend.AbstractMongoDatabase  : created collection test.employee
2022-12-22 17:00:47.080  INFO 20538 --- [-server-worker2] d.b.mongo.backend.AbstractMongoDatabase  : adding unique _id index for collection compensation
2022-12-22 17:00:47.080  INFO 20538 --- [-server-worker2] d.b.mongo.backend.AbstractMongoDatabase  : created collection test.compensation
2022-12-22 17:00:47.262  INFO 20538 --- [    Test worker] o.s.s.concurrent.ThreadPoolTaskExecutor  : Initializing ExecutorService 'applicationTaskExecutor'
2022-12-22 17:00:47.369  WARN 20538 --- [    Test worker] o.s.data.convert.CustomConversions       : Registering converter from class java.time.LocalDateTime to class java.time.Instant as reading converter although it doesn't convert from a store-supported type! You might wanna check you annotation setup at the converter implementation.
2022-12-22 17:00:47.370  WARN 20538 --- [    Test worker] o.s.data.convert.CustomConversions       : Registering converter from class java.time.Instant to class java.time.LocalDateTime as reading converter although it doesn't convert from a store-supported type! You might wanna check you annotation setup at the converter implementation.
2022-12-22 17:00:47.386  WARN 20538 --- [    Test worker] o.s.data.convert.CustomConversions       : Registering converter from class java.time.LocalDateTime to class java.time.Instant as reading converter although it doesn't convert from a store-supported type! You might wanna check you annotation setup at the converter implementation.
2022-12-22 17:00:47.386  WARN 20538 --- [    Test worker] o.s.data.convert.CustomConversions       : Registering converter from class java.time.Instant to class java.time.LocalDateTime as reading converter although it doesn't convert from a store-supported type! You might wanna check you annotation setup at the converter implementation.
2022-12-22 17:00:47.428  INFO 20538 --- [    Test worker] com.mindex.challenge.DataBootstrapTest   : Started DataBootstrapTest in 1.146 seconds (JVM running for 8.492)
]]></system-out>
  <system-err><![CDATA[]]></system-err>
</testsuite>
