<?xml version="1.0" encoding="UTF-8"?>
<testsuite name="com.mindex.challenge.service.impl.EmployeeServiceImplTest" tests="1" skipped="0" failures="0" errors="0" timestamp="2022-12-22T21:41:41" hostname="Manavs-MacBook-Air.local" time="0.025">
  <properties/>
  <testcase name="testCreateReadUpdate" classname="com.mindex.challenge.service.impl.EmployeeServiceImplTest" time="0.025"/>
  <system-out><![CDATA[2022-12-22 16:41:41.494  INFO 19941 --- [    Test worker] .b.t.c.SpringBootTestContextBootstrapper : Neither @ContextConfiguration nor @ContextHierarchy found for test class [com.mindex.challenge.service.impl.EmployeeServiceImplTest], using SpringBootContextLoader
2022-12-22 16:41:41.496  INFO 19941 --- [    Test worker] o.s.t.c.support.AbstractContextLoader    : Could not detect default resource locations for test class [com.mindex.challenge.service.impl.EmployeeServiceImplTest]: no resource found for suffixes {-context.xml, Context.groovy}.
2022-12-22 16:41:41.496  INFO 19941 --- [    Test worker] t.c.s.AnnotationConfigContextLoaderUtils : Could not detect default configuration classes for test class [com.mindex.challenge.service.impl.EmployeeServiceImplTest]: EmployeeServiceImplTest does not declare any static, non-private, non-final, nested classes annotated with @Configuration.
2022-12-22 16:41:41.497  INFO 19941 --- [    Test worker] .b.t.c.SpringBootTestContextBootstrapper : Found @SpringBootConfiguration com.mindex.challenge.ChallengeApplication for test class com.mindex.challenge.service.impl.EmployeeServiceImplTest
2022-12-22 16:41:41.498  INFO 19941 --- [    Test worker] .b.t.c.SpringBootTestContextBootstrapper : Loaded default TestExecutionListener class names from location [META-INF/spring.factories]: [org.springframework.boot.test.autoconfigure.restdocs.RestDocsTestExecutionListener, org.springframework.boot.test.autoconfigure.web.client.MockRestServiceServerResetTestExecutionListener, org.springframework.boot.test.autoconfigure.web.servlet.MockMvcPrintOnlyOnFailureTestExecutionListener, org.springframework.boot.test.autoconfigure.web.servlet.WebDriverTestExecutionListener, org.springframework.boot.test.mock.mockito.MockitoTestExecutionListener, org.springframework.boot.test.mock.mockito.ResetMocksTestExecutionListener, org.springframework.test.context.web.ServletTestExecutionListener, org.springframework.test.context.support.DirtiesContextBeforeModesTestExecutionListener, org.springframework.test.context.support.DependencyInjectionTestExecutionListener, org.springframework.test.context.support.DirtiesContextTestExecutionListener, org.springframework.test.context.transaction.TransactionalTestExecutionListener, org.springframework.test.context.jdbc.SqlScriptsTestExecutionListener, org.springframework.test.context.event.EventPublishingTestExecutionListener]
2022-12-22 16:41:41.499  INFO 19941 --- [    Test worker] .b.t.c.SpringBootTestContextBootstrapper : Using TestExecutionListeners: [org.springframework.test.context.web.ServletTestExecutionListener@57f63f37, org.springframework.test.context.support.DirtiesContextBeforeModesTestExecutionListener@20592dc2, org.springframework.boot.test.mock.mockito.MockitoTestExecutionListener@56f8320a, org.springframework.boot.test.autoconfigure.SpringBootDependencyInjectionTestExecutionListener@3b7f2d53, org.springframework.test.context.support.DirtiesContextTestExecutionListener@5d16a28c, org.springframework.test.context.transaction.TransactionalTestExecutionListener@3448a3d1, org.springframework.test.context.jdbc.SqlScriptsTestExecutionListener@23b7af30, org.springframework.test.context.event.EventPublishingTestExecutionListener@61601ba0, org.springframework.boot.test.autoconfigure.restdocs.RestDocsTestExecutionListener@98ad7c2, org.springframework.boot.test.autoconfigure.web.client.MockRestServiceServerResetTestExecutionListener@78adbb09, org.springframework.boot.test.autoconfigure.web.servlet.MockMvcPrintOnlyOnFailureTestExecutionListener@667d4503, org.springframework.boot.test.autoconfigure.web.servlet.WebDriverTestExecutionListener@7a1ff77, org.springframework.boot.test.mock.mockito.ResetMocksTestExecutionListener@584a1c86]
2022-12-22 16:41:41.507 DEBUG 19941 --- [o-auto-1-exec-9] c.m.c.controller.EmployeeController      : Received employee create request for [com.mindex.challenge.data.Employee@65dd4339]
2022-12-22 16:41:41.507 DEBUG 19941 --- [o-auto-1-exec-9] c.m.c.service.impl.EmployeeServiceImpl   : Creating employee [com.mindex.challenge.data.Employee@65dd4339]
2022-12-22 16:41:41.515 DEBUG 19941 --- [-auto-1-exec-10] c.m.c.controller.EmployeeController      : Received employee create request for id [a26e21bf-2da1-45b2-9c2a-f9a679ba483d]
2022-12-22 16:41:41.515 DEBUG 19941 --- [-auto-1-exec-10] c.m.c.service.impl.EmployeeServiceImpl   : Creating employee with id [a26e21bf-2da1-45b2-9c2a-f9a679ba483d]
2022-12-22 16:41:41.523 DEBUG 19941 --- [o-auto-1-exec-1] c.m.c.controller.EmployeeController      : Received employee create request for id [a26e21bf-2da1-45b2-9c2a-f9a679ba483d] and employee [com.mindex.challenge.data.Employee@5a17cf5f]
2022-12-22 16:41:41.523 DEBUG 19941 --- [o-auto-1-exec-1] c.m.c.service.impl.EmployeeServiceImpl   : Updating employee [com.mindex.challenge.data.Employee@5a17cf5f]
]]></system-out>
  <system-err><![CDATA[]]></system-err>
</testsuite>
